2026-01-07T09:13:54.124+02:00  INFO 23944 --- [main] o.e.notebooklm.NotebookLmApplication     : Starting NotebookLmApplication using Java 17.0.17 with PID 23944 (C:\Users\USER\IdeaProjects\practice\notebookLM\target\classes started by Dayan in C:\Users\USER\IdeaProjects\practice\notebookLM)
2026-01-07T09:13:54.132+02:00  INFO 23944 --- [main] o.e.notebooklm.NotebookLmApplication     : The following 1 profile is active: "demo"
2026-01-07T09:13:59.085+02:00  INFO 23944 --- [main] .s.d.r.c.RepositoryConfigurationDelegate : Bootstrapping Spring Data JPA repositories in DEFAULT mode.
2026-01-07T09:13:59.237+02:00  INFO 23944 --- [main] .s.d.r.c.RepositoryConfigurationDelegate : Finished Spring Data repository scanning in 121 ms. Found 2 JPA repository interfaces.
2026-01-07T09:14:00.541+02:00  INFO 23944 --- [main] o.s.b.w.embedded.tomcat.TomcatWebServer  : Tomcat initialized with port(s): 8080 (http)
2026-01-07T09:14:00.969+02:00  INFO 23944 --- [main] w.s.c.ServletWebServerApplicationContext : Root WebApplicationContext: initialization completed in 6718 ms
2026-01-07T09:14:02.035+02:00  INFO 23944 --- [main] com.zaxxer.hikari.HikariDataSource       : HikariPool-1 - Starting...
2026-01-07T09:14:02.792+02:00  INFO 23944 --- [main] com.zaxxer.hikari.pool.HikariPool        : HikariPool-1 - Added connection org.postgresql.jdbc.PgConnection@74123110
2026-01-07T09:14:02.795+02:00  INFO 23944 --- [main] com.zaxxer.hikari.HikariDataSource       : HikariPool-1 - Start completed.
2026-01-07T09:14:03.756+02:00  INFO 23944 --- [main] o.s.o.j.p.SpringPersistenceUnitInfo      : No LoadTimeWeaver setup: ignoring JPA class transformer
2026-01-07T09:14:06.081+02:00  INFO 23944 --- [main] j.LocalContainerEntityManagerFactoryBean : Initialized JPA EntityManagerFactory for persistence unit 'default'
2026-01-07T09:14:06.098+02:00  INFO 23944 --- [main] o.e.n.service.DemoAnswerService          : DemoAnswerService initialized
2026-01-07T09:14:06.098+02:00  INFO 23944 --- [main] o.e.n.service.DemoAnswerService          : Loaded demo answers for 2 PDFs
2026-01-07T09:14:09.195+02:00  INFO 23944 --- [main] o.s.d.j.r.query.QueryEnhancerFactory     : Hibernate is in classpath; If applicable, HQL parser will be used.
2026-01-07T09:14:10.308+02:00  WARN 23944 --- [main] JpaBaseConfiguration$JpaWebConfiguration : spring.jpa.open-in-view is enabled by default. Therefore, database queries may be performed during view rendering. Explicitly configure spring.jpa.open-in-view to disable this warning
2026-01-07T09:14:10.535+02:00  INFO 23944 --- [main] o.s.b.a.w.s.WelcomePageHandlerMapping    : Adding welcome page: class path resource [static/index.html]
2026-01-07T09:14:11.050+02:00  INFO 23944 --- [main] o.s.b.w.embedded.tomcat.TomcatWebServer  : Tomcat started on port(s): 8080 (http) with context path ''
2026-01-07T09:14:11.072+02:00  INFO 23944 --- [main] o.e.notebooklm.NotebookLmApplication     : Started NotebookLmApplication in 17.962 seconds (process running for 20.292)
2026-01-07T09:14:31.890+02:00  INFO 23944 --- [http-nio-8080-exec-1] o.s.web.servlet.DispatcherServlet        : Initializing Servlet 'dispatcherServlet'
2026-01-07T09:14:31.894+02:00  INFO 23944 --- [http-nio-8080-exec-1] o.s.web.servlet.DispatcherServlet        : Completed initialization in 3 ms
2026-01-07T09:14:52.668+02:00  INFO 23944 --- [http-nio-8080-exec-4] o.e.notebooklm.controller.PdfController  : PDF uploaded: Harry Potter – Detailed Story Summary.pdf
2026-01-07T09:15:16.672+02:00  INFO 23944 --- [http-nio-8080-exec-6] o.e.notebooklm.controller.PdfController  : Resolved pdfId=2 for file=Harry Potter – Detailed Story Summary.pdf
2026-01-07T09:15:16.677+02:00  INFO 23944 --- [http-nio-8080-exec-6] o.e.n.service.DemoAnswerService          : DemoAnswerService | pdfId=2, question=who is harry potter?
2026-01-07T09:15:38.164+02:00  INFO 23944 --- [http-nio-8080-exec-8] o.e.notebooklm.controller.PdfController  : Resolved pdfId=2 for file=Harry Potter – Detailed Story Summary.pdf
2026-01-07T09:15:38.165+02:00  INFO 23944 --- [http-nio-8080-exec-8] o.e.n.service.DemoAnswerService          : DemoAnswerService | pdfId=2, question=where does harry study magic?
2026-01-07T09:16:16.710+02:00  INFO 23944 --- [http-nio-8080-exec-10] o.e.notebooklm.controller.PdfController  : Resolved pdfId=2 for file=Harry Potter – Detailed Story Summary.pdf
2026-01-07T09:16:16.711+02:00  INFO 23944 --- [http-nio-8080-exec-10] o.e.n.service.DemoAnswerService          : DemoAnswerService | pdfId=2, question=Where does harry study magic?
2026-01-07T09:16:27.885+02:00  INFO 23944 --- [http-nio-8080-exec-2] o.e.notebooklm.controller.PdfController  : PDF uploaded: Omer Dayan.pdf
2026-01-07T09:16:37.794+02:00  INFO 23944 --- [http-nio-8080-exec-4] o.e.notebooklm.controller.PdfController  : Resolved pdfId=1 for file=Omer Dayan.pdf
2026-01-07T09:16:37.795+02:00  INFO 23944 --- [http-nio-8080-exec-4] o.e.n.service.DemoAnswerService          : DemoAnswerService | pdfId=1, question=what is the candidate's name?
2026-01-07T09:16:43.242+02:00  INFO 23944 --- [http-nio-8080-exec-5] o.e.notebooklm.controller.PdfController  : Resolved pdfId=1 for file=Omer Dayan.pdf
2026-01-07T09:16:43.242+02:00  INFO 23944 --- [http-nio-8080-exec-5] o.e.n.service.DemoAnswerService          : DemoAnswerService | pdfId=1, question=what is the candidates name?
2026-01-07T09:25:10.886+02:00  INFO 23944 --- [SpringApplicationShutdownHook] j.LocalContainerEntityManagerFactoryBean : Closing JPA EntityManagerFactory for persistence unit 'default'
2026-01-07T09:25:11.008+02:00  INFO 23944 --- [SpringApplicationShutdownHook] com.zaxxer.hikari.HikariDataSource       : HikariPool-1 - Shutdown initiated...
2026-01-07T09:25:11.094+02:00  INFO 23944 --- [SpringApplicationShutdownHook] com.zaxxer.hikari.HikariDataSource       : HikariPool-1 - Shutdown completed.
2026-01-07T09:25:23.610+02:00  INFO 18348 --- [main] o.e.notebooklm.NotebookLmApplication     : Starting NotebookLmApplication using Java 17.0.17 with PID 18348 (C:\Users\USER\IdeaProjects\practice\notebookLM\target\classes started by Dayan in C:\Users\USER\IdeaProjects\practice\notebookLM)
2026-01-07T09:25:23.617+02:00  INFO 18348 --- [main] o.e.notebooklm.NotebookLmApplication     : The following 1 profile is active: "demo"
2026-01-07T09:25:25.238+02:00  INFO 18348 --- [main] .s.d.r.c.RepositoryConfigurationDelegate : Bootstrapping Spring Data JPA repositories in DEFAULT mode.
2026-01-07T09:25:26.136+02:00  INFO 18348 --- [main] .s.d.r.c.RepositoryConfigurationDelegate : Finished Spring Data repository scanning in 792 ms. Found 2 JPA repository interfaces.
2026-01-07T09:25:32.790+02:00  INFO 18348 --- [main] o.s.b.w.embedded.tomcat.TomcatWebServer  : Tomcat initialized with port(s): 8080 (http)
2026-01-07T09:25:32.954+02:00  INFO 18348 --- [main] w.s.c.ServletWebServerApplicationContext : Root WebApplicationContext: initialization completed in 9240 ms
2026-01-07T09:25:34.269+02:00  INFO 18348 --- [main] com.zaxxer.hikari.HikariDataSource       : HikariPool-1 - Starting...
2026-01-07T09:25:34.547+02:00  INFO 18348 --- [main] com.zaxxer.hikari.pool.HikariPool        : HikariPool-1 - Added connection org.postgresql.jdbc.PgConnection@414b2df5
2026-01-07T09:25:34.549+02:00  INFO 18348 --- [main] com.zaxxer.hikari.HikariDataSource       : HikariPool-1 - Start completed.
2026-01-07T09:25:35.291+02:00  INFO 18348 --- [main] o.s.o.j.p.SpringPersistenceUnitInfo      : No LoadTimeWeaver setup: ignoring JPA class transformer
2026-01-07T09:25:36.774+02:00  INFO 18348 --- [main] j.LocalContainerEntityManagerFactoryBean : Initialized JPA EntityManagerFactory for persistence unit 'default'
2026-01-07T09:25:36.785+02:00  INFO 18348 --- [main] o.e.n.service.DemoAnswerService          : DemoAnswerService initialized
2026-01-07T09:25:36.785+02:00  INFO 18348 --- [main] o.e.n.service.DemoAnswerService          : Loaded demo answers for 2 PDFs
2026-01-07T09:25:37.406+02:00  INFO 18348 --- [main] o.s.d.j.r.query.QueryEnhancerFactory     : Hibernate is in classpath; If applicable, HQL parser will be used.
2026-01-07T09:25:37.633+02:00  WARN 18348 --- [main] JpaBaseConfiguration$JpaWebConfiguration : spring.jpa.open-in-view is enabled by default. Therefore, database queries may be performed during view rendering. Explicitly configure spring.jpa.open-in-view to disable this warning
2026-01-07T09:25:37.796+02:00  INFO 18348 --- [main] o.s.b.a.w.s.WelcomePageHandlerMapping    : Adding welcome page: class path resource [static/index.html]
2026-01-07T09:25:38.138+02:00  INFO 18348 --- [main] o.s.b.w.embedded.tomcat.TomcatWebServer  : Tomcat started on port(s): 8080 (http) with context path ''
2026-01-07T09:25:38.149+02:00  INFO 18348 --- [main] o.e.notebooklm.NotebookLmApplication     : Started NotebookLmApplication in 15.396 seconds (process running for 16.652)
2026-01-07T09:26:57.893+02:00  INFO 18348 --- [http-nio-8080-exec-1] o.s.web.servlet.DispatcherServlet        : Initializing Servlet 'dispatcherServlet'
2026-01-07T09:26:57.896+02:00  INFO 18348 --- [http-nio-8080-exec-1] o.s.web.servlet.DispatcherServlet        : Completed initialization in 2 ms
2026-01-07T09:29:38.003+02:00  INFO 18348 --- [SpringApplicationShutdownHook] j.LocalContainerEntityManagerFactoryBean : Closing JPA EntityManagerFactory for persistence unit 'default'
2026-01-07T09:29:38.008+02:00  INFO 18348 --- [SpringApplicationShutdownHook] com.zaxxer.hikari.HikariDataSource       : HikariPool-1 - Shutdown initiated...
2026-01-07T09:29:38.017+02:00  INFO 18348 --- [SpringApplicationShutdownHook] com.zaxxer.hikari.HikariDataSource       : HikariPool-1 - Shutdown completed.
2026-01-07T09:29:49.973+02:00  INFO 14848 --- [main] o.e.notebooklm.NotebookLmApplication     : Starting NotebookLmApplication using Java 17.0.17 with PID 14848 (C:\Users\USER\IdeaProjects\practice\notebookLM\target\classes started by Dayan in C:\Users\USER\IdeaProjects\practice\notebookLM)
2026-01-07T09:29:49.977+02:00  INFO 14848 --- [main] o.e.notebooklm.NotebookLmApplication     : The following 1 profile is active: "demo"
2026-01-07T09:29:53.776+02:00  INFO 14848 --- [main] .s.d.r.c.RepositoryConfigurationDelegate : Bootstrapping Spring Data JPA repositories in DEFAULT mode.
2026-01-07T09:29:53.900+02:00  INFO 14848 --- [main] .s.d.r.c.RepositoryConfigurationDelegate : Finished Spring Data repository scanning in 105 ms. Found 2 JPA repository interfaces.
2026-01-07T09:29:55.432+02:00  INFO 14848 --- [main] o.s.b.w.embedded.tomcat.TomcatWebServer  : Tomcat initialized with port(s): 8080 (http)
2026-01-07T09:29:55.681+02:00  INFO 14848 --- [main] w.s.c.ServletWebServerApplicationContext : Root WebApplicationContext: initialization completed in 5614 ms
2026-01-07T09:29:56.482+02:00  INFO 14848 --- [main] com.zaxxer.hikari.HikariDataSource       : HikariPool-1 - Starting...
2026-01-07T09:29:56.741+02:00  INFO 14848 --- [main] com.zaxxer.hikari.pool.HikariPool        : HikariPool-1 - Added connection org.postgresql.jdbc.PgConnection@1578fa9
2026-01-07T09:29:56.744+02:00  INFO 14848 --- [main] com.zaxxer.hikari.HikariDataSource       : HikariPool-1 - Start completed.
2026-01-07T09:29:57.469+02:00  INFO 14848 --- [main] o.s.o.j.p.SpringPersistenceUnitInfo      : No LoadTimeWeaver setup: ignoring JPA class transformer
2026-01-07T09:29:59.566+02:00  INFO 14848 --- [main] j.LocalContainerEntityManagerFactoryBean : Initialized JPA EntityManagerFactory for persistence unit 'default'
2026-01-07T09:29:59.575+02:00  INFO 14848 --- [main] o.e.n.service.DemoAnswerService          : DemoAnswerService initialized
2026-01-07T09:29:59.576+02:00  INFO 14848 --- [main] o.e.n.service.DemoAnswerService          : Loaded demo answers for 2 PDFs
2026-01-07T09:30:00.261+02:00  INFO 14848 --- [main] o.s.d.j.r.query.QueryEnhancerFactory     : Hibernate is in classpath; If applicable, HQL parser will be used.
2026-01-07T09:30:00.524+02:00  WARN 14848 --- [main] JpaBaseConfiguration$JpaWebConfiguration : spring.jpa.open-in-view is enabled by default. Therefore, database queries may be performed during view rendering. Explicitly configure spring.jpa.open-in-view to disable this warning
2026-01-07T09:30:00.735+02:00  INFO 14848 --- [main] o.s.b.a.w.s.WelcomePageHandlerMapping    : Adding welcome page: class path resource [static/index.html]
2026-01-07T09:30:01.907+02:00  INFO 14848 --- [main] o.s.b.w.embedded.tomcat.TomcatWebServer  : Tomcat started on port(s): 8080 (http) with context path ''
2026-01-07T09:30:01.920+02:00  INFO 14848 --- [main] o.e.notebooklm.NotebookLmApplication     : Started NotebookLmApplication in 13.074 seconds (process running for 19.252)
2026-01-07T09:30:44.494+02:00  INFO 14848 --- [http-nio-8080-exec-1] o.s.web.servlet.DispatcherServlet        : Initializing Servlet 'dispatcherServlet'
2026-01-07T09:30:44.497+02:00  INFO 14848 --- [http-nio-8080-exec-1] o.s.web.servlet.DispatcherServlet        : Completed initialization in 3 ms
